editor 0 1
editor 1 1
editor 2 534
editor 3 534
editor 4 536
editor 5 536
editor 6 681
editor 6-2 681
editor 7 681
editor 8 710
editor 9 710
editor 9-1 710
editor 9-6 712
editor 10 712
new workspace 0 712
new workspace 1 712
new workspace 2 712
new workspace 3 712
new workspace 4 712
new workspace 5 713
workspaceUpdate 0 713
editor 11 714
start nvim 0 714
editor 12 714
start nvim 1 717
start nvim 2 717
update size 1 717
update size 2 717
screen update size 0 717
screen update size 0 717
screen update size 1 717
screen update size 2 717
screen update size 3 717
start nvim 3 717
configure 0 718
configure 1 718
configure 2 718
attach ui 0 718
attach ui 1 718
attach ui 2 718
attach ui 3 718
attach ui 4 718
attach ui 5 718
attach ui 6 718
init goneovim 0 718
attach ui 7 732
attach ui 8 732
[test event 1 :: 712] :: 754
ui enter 754
[test event 2 :: 766] :: 816
[test event 3 :: 821] :: 838
[test event 4 :: 872] :: 910
[test event 5 :: 923] :: 924
vim enter 945
vim enter 1 945
init goneovim 1 954
vim enter 2 957
ui enter 957
option_set 957
screen update size 0 958
screen update size 0 958
screen update size 1 958
screen update size 2 958
mouse_off 958
option_set 958
default_colors_set 958
update WS Color 0 958
update WS Color 1 958
update WS Color 2 958
update WS Color 3 958
screen update size 0 959
screen update size 0 959
screen update size 1 959
screen update size 2 959
hl_attr_define 959
hl_group_set 960
hl_attr_define 960
hl_group_set 960
hl_attr_define 960
hl_group_set 960
hl_attr_define 960
hl_group_set 960
hl_attr_define 960
hl_group_set 960
hl_attr_define 960
hl_group_set 960
hl_attr_define 960
hl_group_set 960
hl_attr_define 960
hl_group_set 960
hl_attr_define 960
hl_group_set 960
hl_attr_define 960
hl_group_set 960
hl_attr_define 960
hl_group_set 960
hl_attr_define 960
hl_group_set 960
hl_attr_define 960
hl_group_set 960
hl_attr_define 960
hl_group_set 960
hl_attr_define 960
hl_group_set 960
hl_attr_define 960
hl_group_set 960
hl_attr_define 960
hl_group_set 960
hl_attr_define 960
hl_group_set 960
hl_attr_define 960
hl_group_set 960
hl_attr_define 960
hl_group_set 960
hl_attr_define 960
hl_group_set 960
hl_attr_define 960
hl_group_set 960
hl_attr_define 960
hl_group_set 960
hl_attr_define 960
hl_group_set 960
hl_attr_define 960
hl_group_set 960
hl_attr_define 960
hl_group_set 960
hl_attr_define 960
hl_group_set 960
hl_attr_define 960
hl_group_set 960
hl_attr_define 960
hl_group_set 960
hl_attr_define 960
hl_group_set 960
hl_attr_define 960
hl_group_set 960
hl_attr_define 960
hl_group_set 960
hl_attr_define 960
hl_group_set 960
hl_attr_define 960
hl_group_set 960
hl_attr_define 960
hl_group_set 960
hl_attr_define 960
hl_group_set 960
hl_attr_define 960
hl_group_set 960
hl_attr_define 960
hl_group_set 960
hl_attr_define 960
hl_group_set 960
hl_attr_define 960
hl_group_set 960
hl_attr_define 960
hl_group_set 960
hl_attr_define 960
hl_group_set 960
hl_attr_define 960
hl_group_set 960
hl_attr_define 960
hl_group_set 960
hl_attr_define 960
hl_group_set 960
hl_attr_define 960
hl_group_set 960
hl_attr_define 960
hl_group_set 960
hl_attr_define 960
hl_group_set 960
hl_attr_define 960
hl_group_set 960
option_set 960
default_colors_set 961
grid_resize 961
resize window 0 961
resize window 1 961
resize window 2 961
resize window 3 961
resize window 4 961
resize window 5 961
resize window 6 961
resize window 7 961
resize window 8 961
resize window 9 961
resize window 10 961
resize window 11 961
resize window 12 961
resize window 13 961
resize window 14 961
resize window 15 962
resize window 16 962
resize window 17 962
resize window 18 962
grid_clear 962
option_set 962
grid_resize 962
resize window 0 962
resize window 1 962
resize window 2 962
resize window 3 962
resize window 4 962
resize window 5 962
resize window 6 962
resize window 7 963
resize window 8 963
resize window 9 963
resize window 10 963
resize window 11 963
resize window 12 963
resize window 13 963
resize window 14 963
resize window 15 963
resize window 16 963
resize window 17 963
resize window 18 963
msg_set_pos 963
grid_line 1 963
grid_line 2 963
default_colors_set 963
hl_attr_define 963
default_colors_set 963
update WS Color 0 964
update WS Color 1 964
update WS Color 2 964
update WS Color 3 964
hl_attr_define 965
option_set 965
screen update size 0 974
screen update size 0 974
screen update size 1 974
screen update size 2 974
screen update size 3 974
screen update size 4 974
screen update size 5 975
screen update size 0 975
screen update size 0 975
screen update size 1 975
screen update size 2 975
mouse_on 975
option_set 975
hl_attr_define 975
hl_group_set 975
hl_attr_define 975
hl_group_set 975
hl_attr_define 975
hl_group_set 975
hl_attr_define 975
hl_group_set 975
hl_attr_define 975
hl_group_set 975
hl_attr_define 975
hl_group_set 975
hl_attr_define 975
hl_group_set 975
hl_attr_define 975
hl_group_set 976
hl_attr_define 976
hl_group_set 976
hl_attr_define 976
hl_group_set 976
hl_attr_define 976
hl_group_set 976
hl_attr_define 976
hl_group_set 976
hl_attr_define 976
hl_group_set 976
hl_attr_define 976
hl_group_set 976
hl_attr_define 976
hl_group_set 976
hl_attr_define 976
hl_group_set 976
hl_attr_define 976
hl_group_set 976
hl_attr_define 976
hl_group_set 976
hl_attr_define 976
hl_group_set 976
hl_attr_define 976
hl_group_set 976
hl_attr_define 976
hl_group_set 976
hl_attr_define 976
hl_group_set 976
hl_attr_define 976
hl_group_set 976
hl_attr_define 976
hl_group_set 976
hl_attr_define 976
hl_group_set 977
hl_attr_define 977
hl_group_set 977
hl_attr_define 977
hl_group_set 977
hl_attr_define 977
hl_group_set 977
hl_attr_define 977
hl_group_set 977
hl_attr_define 977
hl_group_set 977
hl_attr_define 977
hl_group_set 977
hl_attr_define 977
hl_group_set 977
hl_attr_define 977
hl_group_set 977
hl_attr_define 977
hl_group_set 977
hl_attr_define 977
hl_group_set 977
hl_attr_define 977
hl_group_set 977
hl_attr_define 977
hl_group_set 977
hl_attr_define 977
hl_group_set 977
hl_attr_define 977
hl_group_set 977
hl_attr_define 977
hl_group_set 977
hl_attr_define 977
hl_group_set 977
hl_attr_define 977
hl_group_set 977
hl_attr_define 977
hl_group_set 978
option_set 978
hl_attr_define 978
default_colors_set 978
update WS Color 0 978
update WS Color 1 978
update WS Color 2 978
update WS Color 3 978
hl_attr_define 979
hl_group_set 979
hl_attr_define 979
hl_group_set 979
hl_attr_define 979
hl_group_set 979
hl_attr_define 979
hl_group_set 979
hl_attr_define 979
hl_group_set 979
hl_attr_define 979
hl_group_set 979
hl_attr_define 980
hl_group_set 980
hl_attr_define 980
default_colors_set 980
update WS Color 0 980
update WS Color 1 980
update WS Color 2 980
update WS Color 3 980
hl_attr_define 981
mouse_on 981
win_viewport 981
hl_group_set 981
grid_line 1 981
grid_line 2 981
grid_resize 981
resize window 0 981
resize window 1 981
resize window 2 981
resize window 3 981
resize window 4 981
resize window 5 981
resize window 6 981
resize window 7 981
resize window 8 982
resize window 9 982
resize window 10 982
resize window 11 982
resize window 12 982
resize window 13 982
resize window 14 982
resize window 15 982
resize window 16 982
resize window 17 982
resize window 18 982
grid_line 1 982
grid_line 2 984
set_icon 984
set_title 984
set_title 985
win_pos 986
win_viewport 986
grid_cursor_goto 986
mode_info_set 986
mode_change 986
flush 986
grid_cursor_goto 986
flush 987
[test event 6 :: 974] :: 998
option_set 998
default_colors_set 998
grid_resize 998
resize window 0 998
resize window 1 998
resize window 2 998
resize window 3 998
resize window 4 998
resize window 11 998
resize window 12 998
resize window 13 998
resize window 14 998
resize window 15 998
resize window 16 998
resize window 17 999
resize window 18 999
grid_clear 999
grid_resize 999
resize window 0 999
resize window 1 999
resize window 2 999
resize window 3 999
resize window 4 999
resize window 11 999
resize window 12 999
resize window 13 999
resize window 14 999
resize window 15 999
resize window 16 999
resize window 17 999
resize window 18 999
msg_set_pos 999
win_pos 999
win_viewport 999
grid_resize 999
resize window 0 999
resize window 1 999
resize window 2 999
resize window 3 999
resize window 4 999
resize window 11 999
resize window 12 999
resize window 13 999
resize window 14 999
resize window 15 999
resize window 16 999
resize window 17 999
resize window 18 999
grid_line 1 999
grid_line 2 999
win_viewport 999
grid_cursor_goto 1000
flush 1000
mode_info_set 1000
mode_change 1000
flush 1000
[test event 7 :: 1024] :: 1025
[test event 8 :: 1075] :: 1076
[test event 9 :: 1131] :: 1131
[test event 10 :: 1183] :: 1183
[test event 11 :: 1233] :: 1234
[test event 12 :: 1284] :: 1284
[test event 13 :: 1334] :: 1334
[test event 14 :: 1389] :: 1390
[test event 15 :: 1440] :: 1440
lazy draw ui 0 1463
lazy draw ui 1 1481
lazy draw ui 2 1494
lazy draw ui 3 1494
lazy draw ui 4 1497
lazy draw ui 5 1497
lazy draw ui 6 1497
[test event 16 :: 1490] :: 1558
resize window 0 1559
resize window 1 1559
resize window 2 1559
resize window 3 1559
resize window 4 1559
resize window 5 1559
resize window 6 1559
resize window 7 1560
resize window 8 1560
resize window 9 1560
resize window 10 1560
resize window 11 1560
resize window 12 1560
resize window 13 1560
resize window 14 1560
resize window 15 1560
resize window 16 1560
resize window 17 1560
resize window 18 1560
[test event 17 :: 1541] :: 1579
[test event 18 :: 1595] :: 1595
[test event 19 :: 1650] :: 1650
[test event 20 :: 1704] :: 1705
[test event 21 :: 1758] :: 1758
[test event 22 :: 1813] :: 1813
[test event 23 :: 1867] :: 1867
[test event 24 :: 1920] :: 1933
[test event 25 :: 1974] :: 1974
[test event 26 :: 2029] :: 2029
[test event 27 :: 2084] :: 2084
[test event 28 :: 2134] :: 2134
[test event 29 :: 2189] :: 2189
[test event 30 :: 2240] :: 2240
[test event 31 :: 2290] :: 2290
[test event 32 :: 2346] :: 2346
[test event 33 :: 2400] :: 2400
[test event 34 :: 2451] :: 2451
[test event 35 :: 2506] :: 2506
[test event 36 :: 2560] :: 2560
[test event 37 :: 2615] :: 2615
[test event 38 :: 2667] :: 2667
[test event 39 :: 2717] :: 2717
[test event 40 :: 2768] :: 2768
[test event 41 :: 2818] :: 2818
